# JRE version: Java(TM) SE Runtime Environment (17.0.8+9) (build 17.0.8+9-LTS-211)
# Java VM: Java HotSpot(TM) 64-Bit Server VM (17.0.8+9-LTS-211, mixed mode, sharing, tiered, compressed oops, compressed class ptrs, g1 gc, windows-amd64)
GC Precious Log:
 CPUs: 16 total, 16 available
 Memory: 16088M
 Large Page Support: Disabled
 NUMA Support: Disabled
 Compressed Oops: Enabled (32-bit)
 Heap Region Size: 1M
 Heap Min Capacity: 8M
 Heap Initial Capacity: 252M
 Heap Max Capacity: 2G
 Pre-touch: Disabled
 Parallel Workers: 13
 Concurrent Workers: 3
 Concurrent Refinement Workers: 13
 Periodic GC: Disabled
Heap:
 garbage-first heap   total 230400K, used 151370K [0x0000000080000000, 0x0000000100000000)
  region size 1024K, 41 young (41984K), 4 survivors (4096K)
 Metaspace       used 97269K, committed 98304K, reserved 557056K
  class space    used 13580K, committed 14080K, reserved 425984K
GC Heap History (20 events):
Event: 300.108 GC heap before
{Heap before GC invocations=43 (full 0):
 garbage-first heap   total 130048K, used 82109K [0x0000000080000000, 0x0000000100000000)
  region size 1024K, 6 young (6144K), 3 survivors (3072K)
 Metaspace       used 72406K, committed 73280K, reserved 491520K
  class space    used 10165K, committed 10624K, reserved 425984K
}
Event: 300.121 GC heap after
{Heap after GC invocations=44 (full 0):
 garbage-first heap   total 130048K, used 79219K [0x0000000080000000, 0x0000000100000000)
  region size 1024K, 1 young (1024K), 1 survivors (1024K)
 Metaspace       used 72406K, committed 73280K, reserved 491520K
  class space    used 10165K, committed 10624K, reserved 425984K
}
Event: 300.330 GC heap before
{Heap before GC invocations=44 (full 0):
 garbage-first heap   total 130048K, used 103795K [0x0000000080000000, 0x0000000100000000)
  region size 1024K, 26 young (26624K), 1 survivors (1024K)
 Metaspace       used 72446K, committed 73344K, reserved 491520K
  class space    used 10165K, committed 10624K, reserved 425984K
}
Event: 300.335 GC heap after
{Heap after GC invocations=45 (full 0):
 garbage-first heap   total 130048K, used 81207K [0x0000000080000000, 0x0000000100000000)
  region size 1024K, 3 young (3072K), 3 survivors (3072K)
 Metaspace       used 72446K, committed 73344K, reserved 491520K
  class space    used 10165K, committed 10624K, reserved 425984K
}
Event: 300.444 GC heap before
{Heap before GC invocations=45 (full 0):
 garbage-first heap   total 130048K, used 104759K [0x0000000080000000, 0x0000000100000000)
  region size 1024K, 27 young (27648K), 3 survivors (3072K)
 Metaspace       used 72467K, committed 73344K, reserved 491520K
  class space    used 10165K, committed 10624K, reserved 425984K
}
Event: 300.455 GC heap after
{Heap after GC invocations=46 (full 0):
 garbage-first heap   total 230400K, used 82128K [0x0000000080000000, 0x0000000100000000)
  region size 1024K, 3 young (3072K), 3 survivors (3072K)
 Metaspace       used 72467K, committed 73344K, reserved 491520K
  class space    used 10165K, committed 10624K, reserved 425984K
}
Event: 306.719 GC heap before
{Heap before GC invocations=46 (full 0):
 garbage-first heap   total 230400K, used 184528K [0x0000000080000000, 0x0000000100000000)
  region size 1024K, 99 young (101376K), 3 survivors (3072K)
 Metaspace       used 72499K, committed 73472K, reserved 491520K
  class space    used 10168K, committed 10624K, reserved 425984K
}
Event: 306.729 GC heap after
{Heap after GC invocations=47 (full 0):
 garbage-first heap   total 230400K, used 89799K [0x0000000080000000, 0x0000000100000000)
  region size 1024K, 7 young (7168K), 7 survivors (7168K)
 Metaspace       used 72499K, committed 73472K, reserved 491520K
  class space    used 10168K, committed 10624K, reserved 425984K
}
Event: 311.437 GC heap before
{Heap before GC invocations=47 (full 0):
 garbage-first heap   total 230400K, used 189127K [0x0000000080000000, 0x0000000100000000)
  region size 1024K, 98 young (100352K), 7 survivors (7168K)
 Metaspace       used 78972K, committed 79936K, reserved 557056K
  class space    used 10936K, committed 11392K, reserved 425984K
}
Event: 311.445 GC heap after
{Heap after GC invocations=48 (full 0):
 garbage-first heap   total 230400K, used 99563K [0x0000000080000000, 0x0000000100000000)
  region size 1024K, 13 young (13312K), 13 survivors (13312K)
 Metaspace       used 78972K, committed 79936K, reserved 557056K
  class space    used 10936K, committed 11392K, reserved 425984K
}
Event: 315.158 GC heap before
{Heap before GC invocations=48 (full 0):
 garbage-first heap   total 230400K, used 186603K [0x0000000080000000, 0x0000000100000000)
  region size 1024K, 96 young (98304K), 13 survivors (13312K)
 Metaspace       used 84761K, committed 85696K, reserved 557056K
  class space    used 11690K, committed 12160K, reserved 425984K
}
Event: 315.182 GC heap after
{Heap after GC invocations=49 (full 0):
 garbage-first heap   total 230400K, used 105488K [0x0000000080000000, 0x0000000100000000)
  region size 1024K, 5 young (5120K), 5 survivors (5120K)
 Metaspace       used 84761K, committed 85696K, reserved 557056K
  class space    used 11690K, committed 12160K, reserved 425984K
}
Event: 325.986 GC heap before
{Heap before GC invocations=49 (full 0):
 garbage-first heap   total 230400K, used 187408K [0x0000000080000000, 0x0000000100000000)
  region size 1024K, 85 young (87040K), 5 survivors (5120K)
 Metaspace       used 86619K, committed 87552K, reserved 557056K
  class space    used 11959K, committed 12416K, reserved 425984K
}
Event: 325.992 GC heap after
{Heap after GC invocations=50 (full 0):
 garbage-first heap   total 230400K, used 110196K [0x0000000080000000, 0x0000000100000000)
  region size 1024K, 9 young (9216K), 9 survivors (9216K)
 Metaspace       used 86619K, committed 87552K, reserved 557056K
  class space    used 11959K, committed 12416K, reserved 425984K
}
Event: 327.810 GC heap before
{Heap before GC invocations=51 (full 0):
 garbage-first heap   total 230400K, used 190068K [0x0000000080000000, 0x0000000100000000)
  region size 1024K, 86 young (88064K), 9 survivors (9216K)
 Metaspace       used 91393K, committed 92352K, reserved 557056K
  class space    used 12797K, committed 13248K, reserved 425984K
}
Event: 327.816 GC heap after
{Heap after GC invocations=52 (full 0):
 garbage-first heap   total 230400K, used 112981K [0x0000000080000000, 0x0000000100000000)
  region size 1024K, 8 young (8192K), 8 survivors (8192K)
 Metaspace       used 91393K, committed 92352K, reserved 557056K
  class space    used 12797K, committed 13248K, reserved 425984K
}
Event: 327.911 GC heap before
{Heap before GC invocations=52 (full 0):
 garbage-first heap   total 230400K, used 116053K [0x0000000080000000, 0x0000000100000000)
  region size 1024K, 11 young (11264K), 8 survivors (8192K)
 Metaspace       used 91601K, committed 92608K, reserved 557056K
  class space    used 12830K, committed 13312K, reserved 425984K
}
Event: 327.916 GC heap after
{Heap after GC invocations=53 (full 0):
 garbage-first heap   total 230400K, used 111815K [0x0000000080000000, 0x0000000100000000)
  region size 1024K, 2 young (2048K), 2 survivors (2048K)
 Metaspace       used 91601K, committed 92608K, reserved 557056K
  class space    used 12830K, committed 13312K, reserved 425984K
}
Event: 329.725 GC heap before
{Heap before GC invocations=53 (full 0):
 garbage-first heap   total 230400K, used 190663K [0x0000000080000000, 0x0000000100000000)
  region size 1024K, 79 young (80896K), 2 survivors (2048K)
 Metaspace       used 96085K, committed 97088K, reserved 557056K
  class space    used 13424K, committed 13888K, reserved 425984K
}
Event: 329.730 GC heap after
{Heap after GC invocations=54 (full 0):
 garbage-first heap   total 230400K, used 114506K [0x0000000080000000, 0x0000000100000000)
  region size 1024K, 4 young (4096K), 4 survivors (4096K)
 Metaspace       used 96085K, committed 97088K, reserved 557056K
  class space    used 13424K, committed 13888K, reserved 425984K
}

