# JRE version: Java(TM) SE Runtime Environment (17.0.8+9) (build 17.0.8+9-LTS-211)
# Java VM: Java HotSpot(TM) 64-Bit Server VM (17.0.8+9-LTS-211, mixed mode, sharing, tiered, compressed oops, compressed class ptrs, g1 gc, windows-amd64)
GC Precious Log:
 CPUs: 16 total, 16 available
 Memory: 16088M
 Large Page Support: Disabled
 NUMA Support: Disabled
 Compressed Oops: Enabled (32-bit)
 Heap Region Size: 1M
 Heap Min Capacity: 8M
 Heap Initial Capacity: 252M
 Heap Max Capacity: 2G
 Pre-touch: Disabled
 Parallel Workers: 13
 Concurrent Workers: 3
 Concurrent Refinement Workers: 13
 Periodic GC: Disabled
Heap:
 garbage-first heap   total 352256K, used 158178K [0x0000000080000000, 0x0000000100000000)
  region size 1024K, 28 young (28672K), 7 survivors (7168K)
 Metaspace       used 99379K, committed 100480K, reserved 557056K
  class space    used 13915K, committed 14400K, reserved 425984K
GC Heap History (20 events):
Event: 292.335 GC heap before
{Heap before GC invocations=44 (full 0):
 garbage-first heap   total 155648K, used 123940K [0x0000000080000000, 0x0000000100000000)
  region size 1024K, 45 young (46080K), 1 survivors (1024K)
 Metaspace       used 72446K, committed 73280K, reserved 491520K
  class space    used 10152K, committed 10560K, reserved 425984K
}
Event: 292.338 GC heap after
{Heap after GC invocations=45 (full 0):
 garbage-first heap   total 155648K, used 82130K [0x0000000080000000, 0x0000000100000000)
  region size 1024K, 4 young (4096K), 4 survivors (4096K)
 Metaspace       used 72446K, committed 73280K, reserved 491520K
  class space    used 10152K, committed 10560K, reserved 425984K
}
Event: 301.919 GC heap before
{Heap before GC invocations=46 (full 0):
 garbage-first heap   total 157696K, used 130258K [0x0000000080000000, 0x0000000100000000)
  region size 1024K, 46 young (47104K), 4 survivors (4096K)
 Metaspace       used 73106K, committed 73984K, reserved 491520K
  class space    used 10243K, committed 10624K, reserved 425984K
}
Event: 301.929 GC heap after
{Heap after GC invocations=47 (full 0):
 garbage-first heap   total 157696K, used 90853K [0x0000000080000000, 0x0000000100000000)
  region size 1024K, 6 young (6144K), 6 survivors (6144K)
 Metaspace       used 73106K, committed 73984K, reserved 491520K
  class space    used 10243K, committed 10624K, reserved 425984K
}
Event: 301.942 GC heap before
{Heap before GC invocations=47 (full 0):
 garbage-first heap   total 157696K, used 90853K [0x0000000080000000, 0x0000000100000000)
  region size 1024K, 7 young (7168K), 6 survivors (6144K)
 Metaspace       used 73144K, committed 74048K, reserved 491520K
  class space    used 10254K, committed 10688K, reserved 425984K
}
Event: 301.956 GC heap after
{Heap after GC invocations=48 (full 0):
 garbage-first heap   total 157696K, used 90803K [0x0000000080000000, 0x0000000100000000)
  region size 1024K, 1 young (1024K), 1 survivors (1024K)
 Metaspace       used 73144K, committed 74048K, reserved 491520K
  class space    used 10254K, committed 10688K, reserved 425984K
}
Event: 302.103 GC heap before
{Heap before GC invocations=48 (full 0):
 garbage-first heap   total 157696K, used 95923K [0x0000000080000000, 0x0000000100000000)
  region size 1024K, 7 young (7168K), 1 survivors (1024K)
 Metaspace       used 73444K, committed 74304K, reserved 491520K
  class space    used 10274K, committed 10688K, reserved 425984K
}
Event: 302.109 GC heap after
{Heap after GC invocations=49 (full 0):
 garbage-first heap   total 473088K, used 90806K [0x0000000080000000, 0x0000000100000000)
  region size 1024K, 1 young (1024K), 1 survivors (1024K)
 Metaspace       used 73444K, committed 74304K, reserved 491520K
  class space    used 10274K, committed 10688K, reserved 425984K
}
Event: 303.995 GC heap before
{Heap before GC invocations=49 (full 0):
 garbage-first heap   total 473088K, used 148150K [0x0000000080000000, 0x0000000100000000)
  region size 1024K, 57 young (58368K), 1 survivors (1024K)
 Metaspace       used 78581K, committed 79488K, reserved 557056K
  class space    used 10847K, committed 11264K, reserved 425984K
}
Event: 303.999 GC heap after
{Heap after GC invocations=50 (full 0):
 garbage-first heap   total 473088K, used 94594K [0x0000000080000000, 0x0000000100000000)
  region size 1024K, 4 young (4096K), 4 survivors (4096K)
 Metaspace       used 78581K, committed 79488K, reserved 557056K
  class space    used 10847K, committed 11264K, reserved 425984K
}
Event: 312.634 GC heap before
{Heap before GC invocations=51 (full 0):
 garbage-first heap   total 352256K, used 308610K [0x0000000080000000, 0x0000000100000000)
  region size 1024K, 206 young (210944K), 4 survivors (4096K)
 Metaspace       used 87905K, committed 88832K, reserved 557056K
  class space    used 12146K, committed 12608K, reserved 425984K
}
Event: 312.642 GC heap after
{Heap after GC invocations=52 (full 0):
 garbage-first heap   total 352256K, used 108989K [0x0000000080000000, 0x0000000100000000)
  region size 1024K, 15 young (15360K), 15 survivors (15360K)
 Metaspace       used 87905K, committed 88832K, reserved 557056K
  class space    used 12146K, committed 12608K, reserved 425984K
}
Event: 313.649 GC heap before
{Heap before GC invocations=52 (full 0):
 garbage-first heap   total 352256K, used 110013K [0x0000000080000000, 0x0000000100000000)
  region size 1024K, 17 young (17408K), 15 survivors (15360K)
 Metaspace       used 88025K, committed 88960K, reserved 557056K
  class space    used 12166K, committed 12608K, reserved 425984K
}
Event: 313.657 GC heap after
{Heap after GC invocations=53 (full 0):
 garbage-first heap   total 352256K, used 110278K [0x0000000080000000, 0x0000000100000000)
  region size 1024K, 2 young (2048K), 2 survivors (2048K)
 Metaspace       used 88025K, committed 88960K, reserved 557056K
  class space    used 12166K, committed 12608K, reserved 425984K
}
Event: 321.255 GC heap before
{Heap before GC invocations=53 (full 0):
 garbage-first heap   total 352256K, used 282310K [0x0000000080000000, 0x0000000100000000)
  region size 1024K, 170 young (174080K), 2 survivors (2048K)
 Metaspace       used 97157K, committed 98112K, reserved 557056K
  class space    used 13545K, committed 14016K, reserved 425984K
}
Event: 321.261 GC heap after
{Heap after GC invocations=54 (full 0):
 garbage-first heap   total 352256K, used 117540K [0x0000000080000000, 0x0000000100000000)
  region size 1024K, 9 young (9216K), 9 survivors (9216K)
 Metaspace       used 97157K, committed 98112K, reserved 557056K
  class space    used 13545K, committed 14016K, reserved 425984K
}
Event: 336.147 GC heap before
{Heap before GC invocations=54 (full 0):
 garbage-first heap   total 352256K, used 284452K [0x0000000080000000, 0x0000000100000000)
  region size 1024K, 173 young (177152K), 9 survivors (9216K)
 Metaspace       used 98786K, committed 99840K, reserved 557056K
  class space    used 13810K, committed 14272K, reserved 425984K
}
Event: 336.157 GC heap after
{Heap after GC invocations=55 (full 0):
 garbage-first heap   total 352256K, used 129596K [0x0000000080000000, 0x0000000100000000)
  region size 1024K, 21 young (21504K), 21 survivors (21504K)
 Metaspace       used 98786K, committed 99840K, reserved 557056K
  class space    used 13810K, committed 14272K, reserved 425984K
}
Event: 336.689 GC heap before
{Heap before GC invocations=55 (full 0):
 garbage-first heap   total 352256K, used 211516K [0x0000000080000000, 0x0000000100000000)
  region size 1024K, 103 young (105472K), 21 survivors (21504K)
 Metaspace       used 98908K, committed 99968K, reserved 557056K
  class space    used 13827K, committed 14336K, reserved 425984K
}
Event: 336.708 GC heap after
{Heap after GC invocations=56 (full 0):
 garbage-first heap   total 352256K, used 133602K [0x0000000080000000, 0x0000000100000000)
  region size 1024K, 7 young (7168K), 7 survivors (7168K)
 Metaspace       used 98908K, committed 99968K, reserved 557056K
  class space    used 13827K, committed 14336K, reserved 425984K
}

